<?xml version="1.0" encoding="UTF-8"?>
<testsuite xmlns:xsi="http://www.w3.org/2001/XMLSchema-instance" xsi:noNamespaceSchemaLocation="https://maven.apache.org/surefire/maven-surefire-plugin/xsd/surefire-test-report.xsd" name="co.com.almundo.pruebas.TestUnitario" time="50.016" tests="2" errors="0" skipped="0" failures="0">
  <properties>
[...]
</properties>
  <testcase name="muchosEmpleadosMuchasLLamadas" classname="co.com.almundo.pruebas.TestUnitario" time="25.013"/>
  <testcase name="diezLlamadasConcurrentes" classname="co.com.almundo.pruebas.TestUnitario" time="25"/>
</testsuite>